56.0 APEX_CODE,FINEST;APEX_PROFILING,INFO;CALLOUT,INFO;DB,INFO;NBA,INFO;SYSTEM,DEBUG;VALIDATION,INFO;VISUALFORCE,FINER;WAVE,INFO;WORKFLOW,INFO
Execute Anonymous: DuplicateMapKey.runExample();
08:22:05.3 (3886529)|USER_INFO|[EXTERNAL]|0054W00000C5670|fsf.silva.ferreira@mindful-goat-gj6xm4.com|(GMT-03:00) Brasilia Standard Time (America/Fortaleza)|GMT-03:00
08:22:05.3 (3947110)|EXECUTION_STARTED
08:22:05.3 (3952242)|CODE_UNIT_STARTED|[EXTERNAL]|execute_anonymous_apex
08:22:05.3 (4296134)|HEAP_ALLOCATE|[79]|Bytes:3
08:22:05.3 (4366397)|HEAP_ALLOCATE|[84]|Bytes:152
08:22:05.3 (4384937)|HEAP_ALLOCATE|[399]|Bytes:408
08:22:05.3 (4405246)|HEAP_ALLOCATE|[412]|Bytes:408
08:22:05.3 (4420753)|HEAP_ALLOCATE|[520]|Bytes:48
08:22:05.3 (4453406)|HEAP_ALLOCATE|[139]|Bytes:6
08:22:05.3 (4484854)|HEAP_ALLOCATE|[EXTERNAL]|Bytes:1
08:22:05.3 (4603596)|STATEMENT_EXECUTE|[1]
08:22:05.3 (4606487)|STATEMENT_EXECUTE|[1]
08:22:05.3 (4681303)|HEAP_ALLOCATE|[52]|Bytes:5
08:22:05.3 (4712265)|HEAP_ALLOCATE|[58]|Bytes:5
08:22:05.3 (4723251)|HEAP_ALLOCATE|[66]|Bytes:7
08:22:05.3 (4745023)|SYSTEM_MODE_ENTER|false
08:22:05.3 (4784973)|HEAP_ALLOCATE|[1]|Bytes:5
08:22:05.3 (6013121)|HEAP_ALLOCATE|[1]|Bytes:2
08:22:05.3 (6030185)|HEAP_ALLOCATE|[1]|Bytes:11
08:22:05.3 (6098914)|METHOD_ENTRY|[8]|01p4W00000M7655|DuplicateMapKey.DuplicateMapKey()
08:22:05.3 (6124315)|STATEMENT_EXECUTE|[8]
08:22:05.3 (6132088)|STATEMENT_EXECUTE|[8]
08:22:05.3 (6143437)|HEAP_ALLOCATE|[1]|Bytes:5
08:22:05.3 (6173768)|METHOD_EXIT|[8]|DuplicateMapKey
08:22:05.3 (6212753)|METHOD_ENTRY|[1]|01p4W00000M7655|DuplicateMapKey.runExample()
08:22:05.3 (6278701)|HEAP_ALLOCATE|[11]|Bytes:5
08:22:05.3 (6285044)|STATEMENT_EXECUTE|[10]
08:22:05.3 (6287317)|STATEMENT_EXECUTE|[11]
08:22:05.3 (7182961)|HEAP_ALLOCATE|[11]|Bytes:5
08:22:05.3 (7213867)|METHOD_ENTRY|[8]|01p4W00000M7654|AnObject.AnObject()
08:22:05.3 (7223776)|STATEMENT_EXECUTE|[8]
08:22:05.3 (7229272)|STATEMENT_EXECUTE|[8]
08:22:05.3 (7238948)|HEAP_ALLOCATE|[11]|Bytes:5
08:22:05.3 (7249363)|METHOD_EXIT|[8]|AnObject
08:22:05.3 (7271022)|HEAP_ALLOCATE|[11]|Bytes:12
08:22:05.3 (7284257)|HEAP_ALLOCATE|[11]|Bytes:12
08:22:05.3 (7360108)|CONSTRUCTOR_ENTRY|[11]|01p4W00000M7654|<init>(Integer,String)|AnObject
08:22:05.3 (7422226)|VARIABLE_SCOPE_BEGIN|[15]|this|AnObject|true|false
08:22:05.3 (7568719)|VARIABLE_ASSIGNMENT|[15]|this|{}|0x5761800b
08:22:05.3 (7587009)|VARIABLE_SCOPE_BEGIN|[15]|id|Integer|false|false
08:22:05.3 (7609353)|VARIABLE_ASSIGNMENT|[15]|id|1
08:22:05.3 (7619015)|VARIABLE_SCOPE_BEGIN|[15]|name|String|false|false
08:22:05.3 (7640888)|VARIABLE_ASSIGNMENT|[15]|name|"First object"
08:22:05.3 (7655885)|HEAP_ALLOCATE|[16]|Bytes:5
08:22:05.3 (7663009)|STATEMENT_EXECUTE|[8]
08:22:05.3 (7666798)|HEAP_ALLOCATE|[16]|Bytes:5
08:22:05.3 (7670308)|STATEMENT_EXECUTE|[10]
08:22:05.3 (7673917)|STATEMENT_EXECUTE|[11]
08:22:05.3 (7685068)|HEAP_ALLOCATE|[16]|Bytes:6
08:22:05.3 (10716804)|STATEMENT_EXECUTE|[15]
08:22:05.3 (10722609)|STATEMENT_EXECUTE|[16]
08:22:05.3 (10728519)|HEAP_ALLOCATE|[16]|Bytes:4
08:22:05.3 (10781634)|VARIABLE_ASSIGNMENT|[16]|this.id|1|0x5761800b
08:22:05.3 (10791265)|STATEMENT_EXECUTE|[17]
08:22:05.3 (10803117)|VARIABLE_ASSIGNMENT|[17]|this.name|"First object"|0x5761800b
08:22:05.3 (12647959)|CONSTRUCTOR_EXIT|[11]|01p4W00000M7654|<init>(Integer,String)|AnObject
08:22:05.3 (12670526)|VARIABLE_SCOPE_BEGIN|[11]|firstObject|AnObject|true|false
08:22:05.3 (12731833)|VARIABLE_ASSIGNMENT|[11]|firstObject|{"id":1,"name":"First object"}|0x5761800b
08:22:05.3 (12741212)|STATEMENT_EXECUTE|[12]
08:22:05.3 (12748212)|HEAP_ALLOCATE|[12]|Bytes:12
08:22:05.3 (12759156)|HEAP_ALLOCATE|[12]|Bytes:11
08:22:05.3 (12774177)|CONSTRUCTOR_ENTRY|[12]|01p4W00000M7654|<init>(Integer,String)|AnObject
08:22:05.3 (12811713)|VARIABLE_SCOPE_BEGIN|[15]|this|AnObject|true|false
08:22:05.3 (12838812)|VARIABLE_ASSIGNMENT|[15]|this|{}|0xcab76e
08:22:05.3 (12848826)|VARIABLE_SCOPE_BEGIN|[15]|id|Integer|false|false
08:22:05.3 (12860938)|VARIABLE_ASSIGNMENT|[15]|id|1
08:22:05.3 (12867942)|VARIABLE_SCOPE_BEGIN|[15]|name|String|false|false
08:22:05.3 (12881986)|VARIABLE_ASSIGNMENT|[15]|name|"Last object"
08:22:05.3 (12898623)|HEAP_ALLOCATE|[16]|Bytes:5
08:22:05.3 (12903178)|STATEMENT_EXECUTE|[8]
08:22:05.3 (12906702)|HEAP_ALLOCATE|[16]|Bytes:5
08:22:05.3 (12911890)|STATEMENT_EXECUTE|[10]
08:22:05.3 (12913903)|STATEMENT_EXECUTE|[11]
08:22:05.3 (12932804)|STATEMENT_EXECUTE|[15]
08:22:05.3 (12934940)|STATEMENT_EXECUTE|[16]
08:22:05.3 (12939617)|HEAP_ALLOCATE|[16]|Bytes:4
08:22:05.3 (12947982)|VARIABLE_ASSIGNMENT|[16]|this.id|1|0xcab76e
08:22:05.3 (12957604)|STATEMENT_EXECUTE|[17]
08:22:05.3 (12965735)|VARIABLE_ASSIGNMENT|[17]|this.name|"Last object"|0xcab76e
08:22:05.3 (12980863)|CONSTRUCTOR_EXIT|[12]|01p4W00000M7654|<init>(Integer,String)|AnObject
08:22:05.3 (12990864)|VARIABLE_SCOPE_BEGIN|[12]|lastObject|AnObject|true|false
08:22:05.3 (13017286)|VARIABLE_ASSIGNMENT|[12]|lastObject|{"id":1,"name":"Last object"}|0xcab76e
08:22:05.3 (13028379)|STATEMENT_EXECUTE|[14]
08:22:05.3 (13031807)|HEAP_ALLOCATE|[14]|Bytes:14
08:22:05.3 (13151934)|HEAP_ALLOCATE|[14]|Bytes:34
08:22:05.3 (13207759)|HEAP_ALLOCATE|[14]|Bytes:48
08:22:05.3 (13250349)|USER_DEBUG|[14]|DEBUG|First object: AnObject:[id=1, name=First object]
08:22:05.3 (13265467)|STATEMENT_EXECUTE|[15]
08:22:05.3 (13268557)|HEAP_ALLOCATE|[15]|Bytes:13
08:22:05.3 (13303088)|HEAP_ALLOCATE|[15]|Bytes:33
08:22:05.3 (13315623)|HEAP_ALLOCATE|[15]|Bytes:46
08:22:05.3 (13327245)|USER_DEBUG|[15]|DEBUG|Last object: AnObject:[id=1, name=Last object]
08:22:05.3 (13336547)|STATEMENT_EXECUTE|[17]
08:22:05.3 (13419796)|HEAP_ALLOCATE|[17]|Bytes:4
08:22:05.3 (13506775)|VARIABLE_SCOPE_BEGIN|[17]|objects|List<AnObject>|true|false
08:22:05.3 (13537552)|HEAP_ALLOCATE|[EXTERNAL]|Bytes:4
08:22:05.3 (13559631)|VARIABLE_ASSIGNMENT|[17]|objects|[]|0xa505d5f
08:22:05.3 (13569694)|STATEMENT_EXECUTE|[18]
08:22:05.3 (13624633)|HEAP_ALLOCATE|[EXTERNAL]|Bytes:4
08:22:05.3 (13653053)|STATEMENT_EXECUTE|[19]
08:22:05.3 (13683256)|HEAP_ALLOCATE|[EXTERNAL]|Bytes:4
08:22:05.3 (13692006)|STATEMENT_EXECUTE|[21]
08:22:05.3 (13695991)|HEAP_ALLOCATE|[21]|Bytes:13
08:22:05.3 (13737139)|HEAP_ALLOCATE|[21]|Bytes:71
08:22:05.3 (13749700)|HEAP_ALLOCATE|[21]|Bytes:84
08:22:05.3 (13774300)|USER_DEBUG|[21]|DEBUG|Object list: (AnObject:[id=1, name=First object], AnObject:[id=1, name=Last object])
08:22:05.3 (13784265)|STATEMENT_EXECUTE|[23]
08:22:05.3 (13799907)|HEAP_ALLOCATE|[23]|Bytes:4
08:22:05.3 (13811270)|VARIABLE_SCOPE_BEGIN|[23]|aMap|Map<Integer,String>|true|false
08:22:05.3 (13831011)|VARIABLE_ASSIGNMENT|[23]|aMap|{}|0x7ca00b5f
08:22:05.3 (13970508)|HEAP_ALLOCATE|[24]|Bytes:5
08:22:05.3 (14022873)|HEAP_ALLOCATE|[24]|Bytes:12
08:22:05.3 (14033551)|VARIABLE_SCOPE_BEGIN|[24]|anObject|AnObject|true|false
08:22:05.3 (14079256)|VARIABLE_ASSIGNMENT|[24]|anObject|{"id":1,"name":"First object"}|0x5761800b
08:22:05.3 (14090412)|STATEMENT_EXECUTE|[24]
08:22:05.3 (14092461)|STATEMENT_EXECUTE|[25]
08:22:05.3 (14156331)|HEAP_ALLOCATE|[EXTERNAL]|Bytes:-4
08:22:05.3 (14173520)|HEAP_ALLOCATE|[24]|Bytes:5
08:22:05.3 (14185706)|HEAP_ALLOCATE|[24]|Bytes:12
08:22:05.3 (14193827)|VARIABLE_SCOPE_BEGIN|[24]|anObject|AnObject|true|false
08:22:05.3 (14224790)|VARIABLE_ASSIGNMENT|[24]|anObject|{"id":1,"name":"Last object"}|0xcab76e
08:22:05.3 (14234585)|STATEMENT_EXECUTE|[24]
08:22:05.3 (14236518)|STATEMENT_EXECUTE|[25]
08:22:05.3 (14253269)|HEAP_ALLOCATE|[24]|Bytes:5
08:22:05.3 (14266668)|VARIABLE_ASSIGNMENT|[24]|anObject|null|
08:22:05.3 (14273697)|STATEMENT_EXECUTE|[28]
08:22:05.3 (14278226)|HEAP_ALLOCATE|[28]|Bytes:14
08:22:05.3 (14310052)|HEAP_ALLOCATE|[28]|Bytes:15
08:22:05.3 (14323372)|HEAP_ALLOCATE|[28]|Bytes:29
08:22:05.3 (14339714)|USER_DEBUG|[28]|DEBUG|aMap content: {1=Last object}
08:22:05.3 (14360111)|METHOD_EXIT|[1]|01p4W00000M7655|DuplicateMapKey.runExample()
08:22:05.3 (14368090)|SYSTEM_MODE_EXIT|false
08:22:05.14 (14444285)|CUMULATIVE_LIMIT_USAGE
08:22:05.14 (14444285)|LIMIT_USAGE_FOR_NS|(default)|
  Number of SOQL queries: 0 out of 100
  Number of query rows: 0 out of 50000
  Number of SOSL queries: 0 out of 20
  Number of DML statements: 0 out of 150
  Number of Publish Immediate DML: 0 out of 150
  Number of DML rows: 0 out of 10000
  Maximum CPU time: 0 out of 10000
  Maximum heap size: 0 out of 6000000
  Number of callouts: 0 out of 100
  Number of Email Invocations: 0 out of 10
  Number of future calls: 0 out of 50
  Number of queueable jobs added to the queue: 0 out of 50
  Number of Mobile Apex push calls: 0 out of 10

08:22:05.14 (14444285)|CUMULATIVE_LIMIT_USAGE_END

08:22:05.3 (14510287)|CODE_UNIT_FINISHED|execute_anonymous_apex
08:22:05.3 (14527273)|EXECUTION_FINISHED
